[2026-04-28 14:20:27] INFO: Backend server running on http://localhost:3001
[2026-04-28 14:20:27] INFO: WebSocket server on ws://localhost:3001
[2026-04-28 14:22:43] INFO: WebSocket client connected (total: 1)
[2026-04-28 14:22:43] INFO: WebSocket client disconnected (total: 0)
[2026-04-28 14:22:43] INFO: WebSocket client connected (total: 1)
[2026-04-28 14:23:18] INFO: Compiling C engine...
[2026-04-28 14:23:19] INFO: C engine compiled successfully
[2026-04-28 14:23:19] INFO: Starting simulation: {"producers":1,"consumers":1,"bufferSize":3,"iterations":3,"delay":200}
[2026-04-28 14:23:19] INFO: Starting simulator: /Users/mrmobinansari/Desktop/Projects/CSE-316/core-c/simulator --producers 1 --consumers 1 --buffer-size 3 --iterations 3 --delay 200
[2026-04-28 14:23:20] INFO: Simulator exited (code=0) after 1464ms, 22 events
[2026-04-28 14:27:12] INFO: Backend server running on http://localhost:3001
[2026-04-28 14:27:12] INFO: WebSocket server on ws://localhost:3001
[2026-04-28 14:27:12] INFO: WebSocket client connected (total: 1)
[2026-04-28 14:28:53] INFO: WebSocket client connected (total: 2)
[2026-04-28 14:29:02] INFO: Compiling C engine...
[2026-04-28 14:29:03] INFO: C engine compiled successfully
[2026-04-28 14:29:03] INFO: Starting simulation: {"producers":2,"consumers":2,"bufferSize":5,"iterations":10,"delay":500}
[2026-04-28 14:29:03] INFO: Starting simulator: /Users/mrmobinansari/Desktop/Projects/CSE-316/core-c/simulator --producers 2 --consumers 2 --buffer-size 5 --iterations 10 --delay 500
[2026-04-28 14:29:09] INFO: Simulator exited (code=0) after 5880ms, 126 events
[2026-04-28 14:29:37] INFO: Compiling C engine...
[2026-04-28 14:29:38] INFO: C engine compiled successfully
[2026-04-28 14:29:38] INFO: Starting simulation: {"producers":2,"consumers":2,"bufferSize":5,"iterations":10,"delay":500}
[2026-04-28 14:29:38] INFO: Starting simulator: /Users/mrmobinansari/Desktop/Projects/CSE-316/core-c/simulator --producers 2 --consumers 2 --buffer-size 5 --iterations 10 --delay 500
[2026-04-28 14:29:44] INFO: Simulator exited (code=0) after 5586ms, 126 events
[2026-04-28 14:30:03] INFO: Compiling C engine...
[2026-04-28 14:30:04] INFO: C engine compiled successfully
[2026-04-28 14:30:04] INFO: Starting simulation: {"producers":8,"consumers":8,"bufferSize":16,"iterations":50,"delay":3000}
[2026-04-28 14:30:04] INFO: Starting simulator: /Users/mrmobinansari/Desktop/Projects/CSE-316/core-c/simulator --producers 8 --consumers 8 --buffer-size 16 --iterations 50 --delay 3000
[2026-04-28 14:31:44] INFO: Stopping simulator...
[2026-04-28 14:31:45] INFO: Stopping simulator...
[2026-04-28 14:31:46] INFO: Simulator exited (code=0) after 102401ms, 1650 events
[2026-04-28 14:40:54] INFO: WebSocket client disconnected (total: 1)
[2026-04-28 14:40:54] INFO: WebSocket client disconnected (total: 0)
[2026-04-28 14:40:56] INFO: WebSocket client connected (total: 1)
[2026-04-28 14:44:25] INFO: WebSocket client connected (total: 2)
[2026-04-28 14:53:20] INFO: Backend server running on http://localhost:3001
[2026-04-28 14:53:20] INFO: WebSocket server on ws://localhost:3001
[2026-04-28 14:53:21] INFO: WebSocket client connected (total: 1)
[2026-04-28 14:53:21] INFO: WebSocket client connected (total: 2)
[2026-04-28 14:53:36] INFO: Compiling C engine...
[2026-04-28 14:53:37] INFO: C engine compiled successfully
[2026-04-28 14:53:37] INFO: Starting simulation: {"producers":2,"consumers":2,"bufferSize":5,"iterations":5,"delay":300}
[2026-04-28 14:53:37] INFO: Starting simulator: /Users/mrmobinansari/Desktop/Projects/CSE-316/core-c/simulator --producers 2 --consumers 2 --buffer-size 5 --iterations 5 --delay 300
[2026-04-28 14:53:40] INFO: Simulator exited (code=0) after 2319ms, 66 events
[2026-04-28 14:55:06] INFO: WebSocket client connected (total: 3)
[2026-04-28 15:09:04] INFO: Backend server running on http://localhost:3001
[2026-04-28 15:09:04] INFO: WebSocket server on ws://localhost:3001
[2026-04-28 15:09:05] INFO: WebSocket client connected (total: 1)
[2026-04-28 15:09:08] INFO: WebSocket client connected (total: 2)
[2026-04-28 15:09:46] INFO: WebSocket client connected (total: 3)
[2026-04-28 15:10:01] INFO: Compiling C engine...
[2026-04-28 15:10:02] INFO: C engine compiled successfully
[2026-04-28 15:10:02] INFO: Starting simulation: {"producers":2,"consumers":2,"bufferSize":5,"iterations":10,"delay":500}
[2026-04-28 15:10:02] INFO: Starting simulator: /Users/mrmobinansari/Desktop/Projects/CSE-316/core-c/simulator --producers 2 --consumers 2 --buffer-size 5 --iterations 10 --delay 500
[2026-04-28 15:10:08] INFO: Simulator exited (code=0) after 5893ms, 126 events
[2026-04-28 15:10:41] INFO: WebSocket client disconnected (total: 2)
[2026-04-28 15:10:41] INFO: WebSocket client connected (total: 3)
[2026-04-28 15:11:08] INFO: Compiling C engine...
[2026-04-28 15:11:09] INFO: C engine compiled successfully
[2026-04-28 15:11:09] INFO: Starting simulation: {"producers":2,"consumers":2,"bufferSize":5,"iterations":39,"delay":500}
[2026-04-28 15:11:09] INFO: Starting simulator: /Users/mrmobinansari/Desktop/Projects/CSE-316/core-c/simulator --producers 2 --consumers 2 --buffer-size 5 --iterations 39 --delay 500
[2026-04-28 15:11:29] INFO: Simulator exited (code=0) after 20237ms, 474 events
[2026-04-28 15:21:18] INFO: WebSocket client connected (total: 4)
[2026-04-28 15:21:18] INFO: WebSocket client disconnected (total: 3)
[2026-04-28 15:21:18] INFO: WebSocket client connected (total: 4)
[2026-04-28 15:22:30] INFO: Compiling C engine...
[2026-04-28 15:22:31] INFO: C engine compiled successfully
[2026-04-28 15:22:31] INFO: Starting simulation: {"producers":2,"consumers":2,"bufferSize":5,"iterations":10,"delay":500}
[2026-04-28 15:22:31] INFO: Starting simulator: /Users/mrmobinansari/Desktop/Projects/CSE-316/core-c/simulator --producers 2 --consumers 2 --buffer-size 5 --iterations 10 --delay 500
[2026-04-28 15:22:37] INFO: Simulator exited (code=0) after 5780ms, 126 events
[2026-04-28 15:23:37] INFO: Compiling C engine...
[2026-04-28 15:23:38] INFO: C engine compiled successfully
[2026-04-28 15:23:38] INFO: Starting simulation: {"producers":1,"consumers":1,"bufferSize":1,"iterations":10,"delay":500}
[2026-04-28 15:23:38] INFO: Starting simulator: /Users/mrmobinansari/Desktop/Projects/CSE-316/core-c/simulator --producers 1 --consumers 1 --buffer-size 1 --iterations 10 --delay 500
[2026-04-28 15:23:43] INFO: Simulator exited (code=0) after 5499ms, 64 events
[2026-04-28 15:24:21] INFO: Compiling C engine...
[2026-04-28 15:24:22] INFO: C engine compiled successfully
[2026-04-28 15:24:22] INFO: Starting simulation: {"producers":1,"consumers":1,"bufferSize":1,"iterations":1,"delay":50}
[2026-04-28 15:24:22] INFO: Starting simulator: /Users/mrmobinansari/Desktop/Projects/CSE-316/core-c/simulator --producers 1 --consumers 1 --buffer-size 1 --iterations 1 --delay 50
[2026-04-28 15:24:22] INFO: Simulator exited (code=0) after 543ms, 10 events
[2026-04-28 15:47:30] INFO: WebSocket client disconnected (total: 3)
[2026-04-28 15:47:30] INFO: WebSocket client disconnected (total: 2)
[2026-04-28 15:47:30] INFO: WebSocket client disconnected (total: 1)
[2026-04-28 15:47:32] INFO: WebSocket client connected (total: 2)
[2026-04-28 15:47:32] INFO: WebSocket client connected (total: 3)
[2026-04-28 15:47:35] INFO: WebSocket client connected (total: 4)
[2026-04-28 15:53:39] INFO: WebSocket client disconnected (total: 3)
[2026-04-28 15:53:39] INFO: WebSocket client disconnected (total: 2)
[2026-04-28 15:53:39] INFO: WebSocket client disconnected (total: 1)
[2026-04-28 15:53:42] INFO: WebSocket client connected (total: 2)
[2026-04-28 15:53:42] INFO: WebSocket client connected (total: 3)
[2026-04-28 15:53:42] INFO: WebSocket client connected (total: 4)
[2026-04-28 15:56:25] INFO: WebSocket client disconnected (total: 3)
[2026-04-28 15:56:25] INFO: WebSocket client disconnected (total: 2)
[2026-04-28 15:56:25] INFO: WebSocket client disconnected (total: 1)
[2026-04-28 15:56:28] INFO: WebSocket client connected (total: 2)
[2026-04-28 15:56:28] INFO: WebSocket client connected (total: 3)
[2026-04-28 15:56:28] INFO: WebSocket client connected (total: 4)
[2026-04-28 19:29:40] INFO: Compiling C engine...
[2026-04-28 19:29:41] INFO: C engine compiled successfully
[2026-04-28 19:29:41] INFO: Starting simulation: {"producers":2,"consumers":2,"bufferSize":2,"iterations":10,"delay":500}
[2026-04-28 19:29:41] INFO: Starting simulator: /Users/mrmobinansari/Desktop/Projects/CSE-316/core-c/simulator --producers 2 --consumers 2 --buffer-size 2 --iterations 10 --delay 500
[2026-04-28 19:29:48] INFO: Simulator exited (code=0) after 6815ms, 126 events
[2026-04-28 19:39:14] INFO: Compiling C engine...
[2026-04-28 19:39:15] INFO: C engine compiled successfully
[2026-04-28 19:39:15] INFO: Starting simulation: {"producers":8,"consumers":8,"bufferSize":16,"iterations":50,"delay":3000}
[2026-04-28 19:39:15] INFO: Starting simulator: /Users/mrmobinansari/Desktop/Projects/CSE-316/core-c/simulator --producers 8 --consumers 8 --buffer-size 16 --iterations 50 --delay 3000
[2026-04-28 19:41:29] INFO: WebSocket client disconnected (total: 3)
[2026-04-28 19:41:47] INFO: Simulator exited (code=0) after 152075ms, 2418 events
[2026-04-28 22:09:57] INFO: Backend server running on http://localhost:3001
[2026-04-28 22:09:57] INFO: WebSocket server on ws://localhost:3001
[2026-04-28 22:10:36] INFO: WebSocket client connected (total: 1)
[2026-04-28 22:10:36] INFO: WebSocket client disconnected (total: 0)
[2026-04-28 22:10:36] INFO: WebSocket client connected (total: 1)
[2026-04-28 22:10:36] INFO: WebSocket client disconnected (total: 0)
[2026-04-28 22:10:38] INFO: WebSocket client connected (total: 1)
[2026-04-28 22:11:23] INFO: WebSocket client disconnected (total: 0)
[2026-04-28 22:11:23] INFO: WebSocket client connected (total: 1)
[2026-04-28 22:11:23] INFO: WebSocket client connected (total: 2)
[2026-04-28 22:11:23] INFO: WebSocket client disconnected (total: 1)
[2026-04-28 22:11:23] INFO: WebSocket client disconnected (total: 0)
[2026-04-28 22:11:25] INFO: WebSocket client connected (total: 1)
[2026-04-28 22:11:37] INFO: Compiling C engine...
[2026-04-28 22:11:38] INFO: C engine compiled successfully
[2026-04-28 22:11:38] INFO: Starting simulation: {"producers":2,"consumers":2,"bufferSize":5,"iterations":10,"delay":500}
[2026-04-28 22:11:38] INFO: Starting simulator: /Users/mrmobinansari/Desktop/Projects/CSE-316/core-c/simulator --producers 2 --consumers 2 --buffer-size 5 --iterations 10 --delay 500
[2026-04-28 22:11:44] INFO: Simulator exited (code=0) after 6085ms, 126 events
[2026-04-28 22:12:16] INFO: WebSocket client connected (total: 2)
[2026-04-28 22:12:16] INFO: WebSocket client connected (total: 3)
[2026-04-28 22:12:16] INFO: WebSocket client disconnected (total: 2)
[2026-04-28 22:12:16] INFO: WebSocket client disconnected (total: 1)
[2026-04-28 22:12:18] INFO: WebSocket client connected (total: 2)
[2026-04-28 22:13:15] INFO: Compiling C engine...
[2026-04-28 22:13:16] INFO: C engine compiled successfully
[2026-04-28 22:13:16] INFO: Starting simulation: {"producers":2,"consumers":2,"bufferSize":5,"iterations":10,"delay":500}
[2026-04-28 22:13:16] INFO: Starting simulator: /Users/mrmobinansari/Desktop/Projects/CSE-316/core-c/simulator --producers 2 --consumers 2 --buffer-size 5 --iterations 10 --delay 500
[2026-04-28 22:13:21] INFO: Simulator exited (code=0) after 5717ms, 126 events
[2026-04-28 22:15:50] INFO: WebSocket client disconnected (total: 1)
[2026-04-28 22:15:51] INFO: WebSocket client connected (total: 2)
[2026-04-28 22:15:51] INFO: WebSocket client disconnected (total: 1)
[2026-04-28 22:15:51] INFO: WebSocket client connected (total: 2)
[2026-04-28 22:15:51] INFO: WebSocket client disconnected (total: 1)
[2026-04-28 22:15:53] INFO: WebSocket client connected (total: 2)
[2026-04-28 22:15:53] INFO: WebSocket client connected (total: 3)
[2026-04-28 22:35:37] INFO: WebSocket client disconnected (total: 2)
[2026-04-28 22:36:14] INFO: WebSocket client disconnected (total: 1)
[2026-04-28 22:36:14] INFO: WebSocket client disconnected (total: 0)
[2026-04-29 10:32:51] INFO: WebSocket client connected (total: 1)
[2026-04-29 10:32:51] INFO: WebSocket client connected (total: 2)
[2026-04-29 10:32:51] INFO: WebSocket client disconnected (total: 1)
[2026-04-29 10:32:51] INFO: WebSocket client disconnected (total: 0)
[2026-04-29 10:32:53] INFO: WebSocket client connected (total: 1)
[2026-04-29 10:33:45] INFO: Compiling C engine...
[2026-04-29 10:33:46] INFO: C engine compiled successfully
[2026-04-29 10:33:46] INFO: Starting simulation: {"producers":2,"consumers":2,"bufferSize":2,"iterations":10,"delay":500}
[2026-04-29 10:33:46] INFO: Starting simulator: /Users/mrmobinansari/Desktop/Projects/CSE-316/core-c/simulator --producers 2 --consumers 2 --buffer-size 2 --iterations 10 --delay 500
[2026-04-29 10:33:52] INFO: Simulator exited (code=0) after 5573ms, 126 events
[2026-04-29 11:59:43] INFO: Compiling C engine...
[2026-04-29 11:59:44] INFO: C engine compiled successfully
[2026-04-29 11:59:44] INFO: Starting simulation: {"producers":2,"consumers":2,"bufferSize":2,"iterations":9,"delay":500}
[2026-04-29 11:59:44] INFO: Starting simulator: /Users/mrmobinansari/Desktop/Projects/CSE-316/core-c/simulator --producers 2 --consumers 2 --buffer-size 2 --iterations 9 --delay 500
[2026-04-29 11:59:49] INFO: Simulator exited (code=0) after 5310ms, 114 events
[2026-04-29 12:00:57] INFO: Compiling C engine...
[2026-04-29 12:00:58] INFO: C engine compiled successfully
[2026-04-29 12:00:58] INFO: Starting simulation: {"producers":2,"consumers":2,"bufferSize":13,"iterations":9,"delay":2200}
[2026-04-29 12:00:58] INFO: Starting simulator: /Users/mrmobinansari/Desktop/Projects/CSE-316/core-c/simulator --producers 2 --consumers 2 --buffer-size 13 --iterations 9 --delay 2200
[2026-04-29 12:01:09] INFO: Stopping simulator...
[2026-04-29 12:01:10] INFO: Simulator exited (code=0) after 11482ms, 66 events
[2026-04-29 16:50:15] INFO: Compiling C engine...
[2026-04-29 16:50:16] INFO: C engine compiled successfully
[2026-04-29 16:50:16] INFO: Starting simulation: {"producers":8,"consumers":8,"bufferSize":16,"iterations":50,"delay":3000}
[2026-04-29 16:50:16] INFO: Starting simulator: /Users/mrmobinansari/Desktop/Projects/CSE-316/core-c/simulator --producers 8 --consumers 8 --buffer-size 16 --iterations 50 --delay 3000
[2026-04-29 16:52:47] INFO: Simulator exited (code=0) after 150923ms, 2418 events
[2026-04-29 16:53:40] INFO: WebSocket client disconnected (total: 0)
[2026-04-29 16:53:43] INFO: WebSocket client connected (total: 1)
[2026-04-29 16:53:43] INFO: WebSocket client disconnected (total: 0)
[2026-04-29 16:53:43] INFO: WebSocket client connected (total: 1)
[2026-04-29 16:53:43] INFO: WebSocket client disconnected (total: 0)
[2026-04-29 16:53:45] INFO: WebSocket client connected (total: 1)
[2026-04-30 23:00:23] INFO: WebSocket client disconnected (total: 0)
[2026-04-30 23:00:23] INFO: WebSocket client connected (total: 1)
[2026-04-30 23:00:23] INFO: WebSocket client connected (total: 2)
[2026-04-30 23:00:23] INFO: WebSocket client disconnected (total: 1)
[2026-04-30 23:00:23] INFO: WebSocket client disconnected (total: 0)
[2026-04-30 23:00:25] INFO: WebSocket client connected (total: 1)
[2026-04-30 23:46:49] INFO: WebSocket client connected (total: 2)
[2026-04-30 23:46:49] INFO: WebSocket client disconnected (total: 1)
[2026-04-30 23:46:49] INFO: WebSocket client connected (total: 2)
[2026-04-30 23:46:49] INFO: WebSocket client disconnected (total: 1)
[2026-04-30 23:46:51] INFO: WebSocket client connected (total: 2)
[2026-04-30 23:52:58] INFO: WebSocket client disconnected (total: 1)
[2026-04-30 23:52:58] INFO: WebSocket client connected (total: 2)
[2026-04-30 23:52:58] INFO: WebSocket client disconnected (total: 1)
[2026-04-30 23:52:58] INFO: WebSocket client connected (total: 2)
[2026-04-30 23:52:58] INFO: WebSocket client disconnected (total: 1)
[2026-04-30 23:53:00] INFO: WebSocket client connected (total: 2)
[2026-04-30 23:53:09] INFO: WebSocket client disconnected (total: 1)
[2026-04-30 23:53:09] INFO: WebSocket client connected (total: 2)
[2026-04-30 23:53:09] INFO: WebSocket client disconnected (total: 1)
[2026-04-30 23:53:09] INFO: WebSocket client connected (total: 2)
[2026-04-30 23:53:09] INFO: WebSocket client disconnected (total: 1)
[2026-04-30 23:53:11] INFO: WebSocket client connected (total: 2)
[2026-04-30 23:53:30] INFO: WebSocket client disconnected (total: 1)
[2026-04-30 23:53:30] INFO: WebSocket client connected (total: 2)
[2026-04-30 23:53:32] INFO: WebSocket client connected (total: 3)
[2026-04-30 23:54:06] INFO: WebSocket client disconnected (total: 2)
[2026-04-30 23:54:06] INFO: WebSocket client connected (total: 3)
[2026-04-30 23:58:55] INFO: WebSocket client disconnected (total: 2)
[2026-04-30 23:58:55] INFO: WebSocket client connected (total: 3)
[2026-04-30 23:58:57] INFO: WebSocket client connected (total: 4)
[2026-05-01 00:01:45] INFO: Backend server running on http://localhost:3001
[2026-05-01 00:01:45] INFO: WebSocket server on ws://localhost:3001
[2026-05-01 00:01:46] INFO: WebSocket client connected (total: 1)
[2026-05-01 00:01:47] INFO: WebSocket client connected (total: 2)
[2026-05-01 00:01:49] INFO: WebSocket client connected (total: 3)
[2026-05-01 00:01:56] INFO: WebSocket client disconnected (total: 2)
[2026-05-01 00:01:56] INFO: WebSocket client disconnected (total: 1)
[2026-05-01 00:01:56] INFO: WebSocket client disconnected (total: 0)
[2026-05-01 00:01:57] INFO: WebSocket client connected (total: 1)
[2026-05-01 00:01:57] INFO: WebSocket client connected (total: 2)
[2026-05-01 00:01:57] INFO: WebSocket client disconnected (total: 1)
[2026-05-01 00:01:57] INFO: WebSocket client disconnected (total: 0)
[2026-05-01 00:01:59] INFO: WebSocket client connected (total: 1)
[2026-05-01 00:01:59] INFO: WebSocket client connected (total: 2)
[2026-05-01 00:02:08] INFO: WebSocket client disconnected (total: 1)
[2026-05-01 00:02:08] INFO: WebSocket client disconnected (total: 0)
[2026-05-01 00:02:21] INFO: WebSocket client connected (total: 1)
[2026-05-01 00:02:21] INFO: WebSocket client connected (total: 2)
[2026-05-01 00:02:21] INFO: WebSocket client disconnected (total: 1)
[2026-05-01 00:02:21] INFO: WebSocket client disconnected (total: 0)
[2026-05-01 00:02:23] INFO: WebSocket client connected (total: 1)
[2026-05-01 00:02:40] INFO: C engine binary is up to date — skipping compilation
[2026-05-01 00:02:40] INFO: Starting simulation: {"producers":2,"consumers":2,"bufferSize":5,"iterations":10,"delay":500} (request took 2ms)
[2026-05-01 00:02:40] INFO: Starting simulator: /Users/mrmobinansari/Desktop/Projects/CSE-316/core-c/simulator --producers 2 --consumers 2 --buffer-size 5 --iterations 10 --delay 500
[2026-05-01 00:02:45] INFO: Simulator exited (code=0) after 5085ms, 126 events
[2026-05-01 00:07:31] INFO: WebSocket client connected (total: 2)
[2026-05-01 00:07:31] INFO: WebSocket client connected (total: 3)
[2026-05-01 00:07:35] INFO: C engine binary is up to date — skipping compilation
[2026-05-01 00:07:35] INFO: Starting simulation: {"producers":2,"consumers":2,"bufferSize":5,"iterations":10,"delay":500} (request took 3ms)
[2026-05-01 00:07:35] INFO: Starting simulator: /Users/mrmobinansari/Desktop/Projects/CSE-316/core-c/simulator --producers 2 --consumers 2 --buffer-size 5 --iterations 10 --delay 500
[2026-05-01 00:07:40] INFO: Simulator exited (code=0) after 5059ms, 126 events
[2026-05-01 00:10:26] INFO: WebSocket client disconnected (total: 2)
[2026-05-01 00:10:26] INFO: WebSocket client disconnected (total: 1)
[2026-05-01 00:10:26] INFO: WebSocket client connected (total: 2)
[2026-05-01 00:10:26] INFO: WebSocket client connected (total: 3)
[2026-05-01 00:10:26] INFO: WebSocket client disconnected (total: 2)
[2026-05-01 00:10:26] INFO: WebSocket client disconnected (total: 1)
[2026-05-01 00:10:28] INFO: WebSocket client connected (total: 2)
[2026-05-01 00:10:28] INFO: WebSocket client connected (total: 3)
[2026-05-01 00:10:29] INFO: C engine binary is up to date — skipping compilation
[2026-05-01 00:10:29] INFO: Starting simulation: {"producers":2,"consumers":2,"bufferSize":5,"iterations":10,"delay":500} (request took 3ms)
[2026-05-01 00:10:29] INFO: Starting simulator: /Users/mrmobinansari/Desktop/Projects/CSE-316/core-c/simulator --producers 2 --consumers 2 --buffer-size 5 --iterations 10 --delay 500
[2026-05-01 00:10:34] INFO: Simulator exited (code=0) after 5047ms, 126 events
[2026-05-01 00:14:38] INFO: WebSocket client disconnected (total: 2)
[2026-05-01 00:23:40] INFO: WebSocket client disconnected (total: 1)
[2026-05-01 00:23:40] INFO: WebSocket client connected (total: 2)
[2026-05-01 00:23:42] INFO: WebSocket client connected (total: 3)
[2026-05-01 00:28:21] INFO: WebSocket client disconnected (total: 2)
[2026-05-01 00:28:21] INFO: WebSocket client connected (total: 3)
[2026-05-01 00:29:37] INFO: WebSocket client disconnected (total: 2)
[2026-05-01 00:29:37] INFO: WebSocket client disconnected (total: 1)
[2026-05-01 00:29:37] INFO: WebSocket client disconnected (total: 0)
[2026-05-01 00:29:49] INFO: Backend server running on http://localhost:3001
[2026-05-01 00:29:49] INFO: WebSocket server on ws://localhost:3001
[2026-05-01 00:30:36] INFO: WebSocket client connected (total: 1)
[2026-05-01 00:30:36] INFO: WebSocket client disconnected (total: 0)
[2026-05-01 00:30:36] INFO: WebSocket client connected (total: 1)
[2026-05-01 00:30:36] INFO: WebSocket client disconnected (total: 0)
[2026-05-01 00:30:38] INFO: WebSocket client connected (total: 1)
[2026-05-01 00:31:09] INFO: C engine binary is up to date — skipping compilation
[2026-05-01 00:31:09] INFO: Starting simulation: {"producers":2,"consumers":2,"bufferSize":5,"iterations":10,"delay":500} (request took 3ms)
[2026-05-01 00:31:09] INFO: Starting simulator: /Users/mrmobinansari/Desktop/Projects/CSE-316/core-c/simulator --producers 2 --consumers 2 --buffer-size 5 --iterations 10 --delay 500
[2026-05-01 00:31:14] INFO: Simulator exited (code=0) after 5054ms, 126 events
[2026-05-01 00:33:40] INFO: C engine binary is up to date — skipping compilation
[2026-05-01 00:33:40] INFO: Starting simulation: {"producers":2,"consumers":2,"bufferSize":5,"iterations":10,"delay":500} (request took 8ms)
[2026-05-01 00:33:40] INFO: Starting simulator: /Users/mrmobinansari/Desktop/Projects/CSE-316/core-c/simulator --producers 2 --consumers 2 --buffer-size 5 --iterations 10 --delay 500
[2026-05-01 00:33:45] INFO: Simulator exited (code=0) after 5048ms, 126 events
[2026-05-01 00:36:34] INFO: WebSocket client connected (total: 2)
[2026-05-01 00:36:34] INFO: WebSocket client connected (total: 3)
[2026-05-01 00:36:34] INFO: WebSocket client disconnected (total: 2)
[2026-05-01 00:36:34] INFO: WebSocket client disconnected (total: 1)
[2026-05-01 00:36:36] INFO: WebSocket client connected (total: 2)
[2026-05-01 00:36:36] INFO: WebSocket client connected (total: 3)
[2026-05-01 00:37:58] INFO: C engine binary is up to date — skipping compilation
[2026-05-01 00:37:58] INFO: Starting simulation: {"producers":2,"consumers":2,"bufferSize":5,"iterations":10,"delay":500} (request took 3ms)
[2026-05-01 00:37:58] INFO: Starting simulator: /Users/mrmobinansari/Desktop/Projects/CSE-316/core-c/simulator --producers 2 --consumers 2 --buffer-size 5 --iterations 10 --delay 500
[2026-05-01 00:38:03] INFO: Simulator exited (code=0) after 5050ms, 126 events
[2026-05-01 00:41:15] INFO: WebSocket client disconnected (total: 2)
[2026-05-01 00:41:15] INFO: WebSocket client disconnected (total: 1)
[2026-05-01 00:41:15] INFO: WebSocket client connected (total: 2)
[2026-05-01 00:41:15] INFO: WebSocket client connected (total: 3)
[2026-05-01 00:41:15] INFO: WebSocket client disconnected (total: 2)
[2026-05-01 00:41:15] INFO: WebSocket client disconnected (total: 1)
[2026-05-01 00:41:17] INFO: WebSocket client connected (total: 2)
[2026-05-01 00:41:17] INFO: WebSocket client connected (total: 3)
[2026-05-01 00:41:18] INFO: C engine binary is up to date — skipping compilation
[2026-05-01 00:41:18] INFO: Starting simulation: {"producers":2,"consumers":2,"bufferSize":5,"iterations":10,"delay":500} (request took 3ms)
[2026-05-01 00:41:18] INFO: Starting simulator: /Users/mrmobinansari/Desktop/Projects/CSE-316/core-c/simulator --producers 2 --consumers 2 --buffer-size 5 --iterations 10 --delay 500
[2026-05-01 00:41:24] INFO: Simulator exited (code=0) after 5057ms, 126 events
[2026-05-01 00:44:10] INFO: WebSocket client disconnected (total: 2)
[2026-05-01 00:44:10] INFO: WebSocket client connected (total: 3)
[2026-05-01 00:49:33] INFO: WebSocket client disconnected (total: 2)
[2026-05-01 00:49:33] INFO: WebSocket client disconnected (total: 1)
[2026-05-01 00:49:33] INFO: WebSocket client disconnected (total: 0)
[2026-05-01 00:50:14] INFO: Backend server running on http://localhost:3001
[2026-05-01 00:50:14] INFO: WebSocket server on ws://localhost:3001
[2026-05-01 00:50:14] INFO: WebSocket client connected (total: 1)
[2026-05-01 00:50:22] INFO: WebSocket client disconnected (total: 0)
[2026-05-01 00:50:23] INFO: WebSocket client connected (total: 1)
[2026-05-01 00:50:23] INFO: WebSocket client connected (total: 2)
[2026-05-01 00:50:23] INFO: WebSocket client disconnected (total: 1)
[2026-05-01 00:50:23] INFO: WebSocket client disconnected (total: 0)
[2026-05-01 00:50:25] INFO: WebSocket client connected (total: 1)
[2026-05-01 00:50:25] INFO: WebSocket client connected (total: 2)
[2026-05-01 00:50:47] INFO: WebSocket client connected (total: 3)
[2026-05-01 00:50:47] INFO: WebSocket client connected (total: 4)
[2026-05-01 00:50:47] INFO: WebSocket client disconnected (total: 3)
[2026-05-01 00:50:47] INFO: WebSocket client disconnected (total: 2)
[2026-05-01 00:50:49] INFO: WebSocket client connected (total: 3)
[2026-05-01 00:51:12] INFO: C engine binary is up to date — skipping compilation
[2026-05-01 00:51:12] INFO: Starting simulation: {"producers":2,"consumers":2,"bufferSize":5,"iterations":10,"delay":500} (request took 3ms)
[2026-05-01 00:51:12] INFO: Starting simulator: /Users/mrmobinansari/Desktop/Projects/CSE-316/core-c/simulator --producers 2 --consumers 2 --buffer-size 5 --iterations 10 --delay 500
[2026-05-01 00:51:17] INFO: Simulator exited (code=0) after 5060ms, 126 events
[2026-05-01 00:53:08] INFO: WebSocket client disconnected (total: 2)
[2026-05-01 00:53:08] INFO: WebSocket client connected (total: 3)
[2026-05-01 00:53:08] INFO: WebSocket client connected (total: 4)
[2026-05-01 00:53:08] INFO: WebSocket client disconnected (total: 3)
[2026-05-01 00:53:08] INFO: WebSocket client disconnected (total: 2)
[2026-05-01 00:53:10] INFO: WebSocket client connected (total: 3)
[2026-05-01 00:53:10] INFO: WebSocket client connected (total: 4)
[2026-05-01 00:53:19] INFO: C engine binary is up to date — skipping compilation
[2026-05-01 00:53:19] INFO: Starting simulation: {"producers":2,"consumers":2,"bufferSize":5,"iterations":10,"delay":500} (request took 2ms)
[2026-05-01 00:53:19] INFO: Starting simulator: /Users/mrmobinansari/Desktop/Projects/CSE-316/core-c/simulator --producers 2 --consumers 2 --buffer-size 5 --iterations 10 --delay 500
[2026-05-01 00:53:24] INFO: Simulator exited (code=0) after 5065ms, 126 events
[2026-05-01 00:58:09] INFO: WebSocket client disconnected (total: 3)
[2026-05-01 00:58:09] INFO: WebSocket client disconnected (total: 2)
[2026-05-01 00:58:10] INFO: WebSocket client connected (total: 3)
[2026-05-01 00:58:10] INFO: WebSocket client connected (total: 4)
[2026-05-01 00:58:10] INFO: WebSocket client disconnected (total: 3)
[2026-05-01 00:58:10] INFO: WebSocket client disconnected (total: 2)
[2026-05-01 00:58:12] INFO: WebSocket client connected (total: 3)
[2026-05-01 00:58:12] INFO: WebSocket client connected (total: 4)
[2026-05-01 00:58:24] INFO: C engine binary is up to date — skipping compilation
[2026-05-01 00:58:24] INFO: Starting simulation: {"producers":2,"consumers":2,"bufferSize":5,"iterations":10,"delay":500} (request took 3ms)
[2026-05-01 00:58:24] INFO: Starting simulator: /Users/mrmobinansari/Desktop/Projects/CSE-316/core-c/simulator --producers 2 --consumers 2 --buffer-size 5 --iterations 10 --delay 500
[2026-05-01 00:58:29] INFO: Simulator exited (code=0) after 5059ms, 126 events
[2026-05-01 01:01:31] INFO: C engine binary is up to date — skipping compilation
[2026-05-01 01:01:31] INFO: Starting simulation: {"producers":2,"consumers":2,"bufferSize":5,"iterations":10,"delay":500} (request took 5ms)
[2026-05-01 01:01:31] INFO: Starting simulator: /Users/mrmobinansari/Desktop/Projects/CSE-316/core-c/simulator --producers 2 --consumers 2 --buffer-size 5 --iterations 10 --delay 500
[2026-05-01 01:01:36] INFO: Simulator exited (code=0) after 5048ms, 126 events
[2026-05-01 01:03:02] INFO: WebSocket client connected (total: 5)
[2026-05-01 01:03:03] INFO: WebSocket client disconnected (total: 4)
[2026-05-01 01:03:03] INFO: WebSocket client connected (total: 5)
[2026-05-01 01:03:03] INFO: WebSocket client connected (total: 6)
[2026-05-01 01:03:03] INFO: WebSocket client disconnected (total: 5)
[2026-05-01 01:03:03] INFO: WebSocket client disconnected (total: 4)
[2026-05-01 01:03:05] INFO: WebSocket client connected (total: 5)
[2026-05-01 01:03:25] INFO: C engine binary is up to date — skipping compilation
[2026-05-01 01:03:25] INFO: Starting simulation: {"producers":2,"consumers":2,"bufferSize":5,"iterations":10,"delay":500} (request took 2ms)
[2026-05-01 01:03:25] INFO: Starting simulator: /Users/mrmobinansari/Desktop/Projects/CSE-316/core-c/simulator --producers 2 --consumers 2 --buffer-size 5 --iterations 10 --delay 500
[2026-05-01 01:03:30] INFO: Simulator exited (code=0) after 5044ms, 126 events
[2026-05-01 01:04:08] INFO: WebSocket client disconnected (total: 4)
[2026-05-01 01:04:08] INFO: WebSocket client disconnected (total: 3)
[2026-05-01 01:04:08] INFO: WebSocket client disconnected (total: 2)
[2026-05-01 01:04:08] INFO: WebSocket client disconnected (total: 1)
[2026-05-01 01:04:28] INFO: WebSocket client disconnected (total: 0)
[2026-05-01 01:04:43] INFO: Received SIGTERM. Shutting down gracefully...
[2026-05-02 01:02:51] INFO: Backend server running on http://localhost:3001
[2026-05-02 01:02:51] INFO: WebSocket server on ws://localhost:3001
[2026-05-02 01:03:25] INFO: WebSocket client connected (total: 1)
[2026-05-02 01:03:25] INFO: WebSocket client disconnected (total: 0)
[2026-05-02 01:03:25] INFO: WebSocket client connected (total: 1)
[2026-05-02 01:03:25] INFO: WebSocket client disconnected (total: 0)
[2026-05-02 01:03:27] INFO: WebSocket client connected (total: 1)
[2026-05-02 01:03:36] INFO: WebSocket client disconnected (total: 0)
[2026-05-02 01:03:36] INFO: WebSocket client connected (total: 1)
[2026-05-02 01:03:36] INFO: WebSocket client connected (total: 2)
[2026-05-02 01:03:36] INFO: WebSocket client disconnected (total: 1)
[2026-05-02 01:03:36] INFO: WebSocket client disconnected (total: 0)
[2026-05-02 01:03:38] INFO: WebSocket client connected (total: 1)
[2026-05-02 01:03:40] INFO: C engine binary is up to date — skipping compilation
[2026-05-02 01:03:40] INFO: Starting simulation: {"producers":2,"consumers":2,"bufferSize":5,"iterations":10,"delay":500} (request took 1ms)
[2026-05-02 01:03:40] INFO: Starting simulator: /Users/mrmobinansari/Desktop/Projects/CSE-316/core-c/simulator --producers 2 --consumers 2 --buffer-size 5 --iterations 10 --delay 500
[2026-05-02 01:03:45] INFO: Simulator exited (code=0) after 5092ms, 126 events
[2026-05-02 01:19:06] INFO: WebSocket client disconnected (total: 0)
[2026-05-02 01:19:08] INFO: WebSocket client connected (total: 1)
[2026-05-02 01:24:37] INFO: WebSocket client connected (total: 2)
[2026-05-02 01:24:37] INFO: WebSocket client connected (total: 3)
[2026-05-02 01:24:37] INFO: WebSocket client connected (total: 4)
[2026-05-02 01:24:37] INFO: WebSocket client connected (total: 5)
[2026-05-02 01:24:37] INFO: WebSocket client disconnected (total: 4)
[2026-05-02 01:24:37] INFO: WebSocket client disconnected (total: 3)
[2026-05-02 01:24:37] INFO: WebSocket client disconnected (total: 2)
[2026-05-02 01:24:37] INFO: WebSocket client disconnected (total: 1)
[2026-05-02 01:24:39] INFO: WebSocket client connected (total: 2)
[2026-05-02 01:24:39] INFO: WebSocket client connected (total: 3)
[2026-05-02 01:25:04] INFO: WebSocket client disconnected (total: 2)
[2026-05-02 01:25:04] INFO: WebSocket client connected (total: 3)
[2026-05-02 01:25:04] INFO: WebSocket client connected (total: 4)
[2026-05-02 01:25:04] INFO: WebSocket client disconnected (total: 3)
[2026-05-02 01:25:04] INFO: WebSocket client disconnected (total: 2)
[2026-05-02 01:25:06] INFO: WebSocket client connected (total: 3)
[2026-05-02 01:25:15] INFO: C engine binary is up to date — skipping compilation
[2026-05-02 01:25:15] INFO: Starting simulation: {"producers":2,"consumers":2,"bufferSize":5,"iterations":10,"delay":500} (request took 3ms)
[2026-05-02 01:25:15] INFO: Starting simulator: /Users/mrmobinansari/Desktop/Projects/CSE-316/core-c/simulator --producers 2 --consumers 2 --buffer-size 5 --iterations 10 --delay 500
[2026-05-02 01:25:20] INFO: Simulator exited (code=0) after 5058ms, 126 events
[2026-05-02 01:28:30] INFO: WebSocket client disconnected (total: 2)
[2026-05-02 01:28:31] INFO: WebSocket client connected (total: 3)
[2026-05-02 01:28:31] INFO: WebSocket client connected (total: 4)
[2026-05-02 01:28:31] INFO: WebSocket client disconnected (total: 3)
[2026-05-02 01:28:31] INFO: WebSocket client disconnected (total: 2)
[2026-05-02 01:28:33] INFO: WebSocket client connected (total: 3)
[2026-05-02 01:28:50] INFO: C engine binary is up to date — skipping compilation
[2026-05-02 01:28:50] INFO: Starting simulation: {"producers":2,"consumers":2,"bufferSize":5,"iterations":10,"delay":500} (request took 4ms)
[2026-05-02 01:28:50] INFO: Starting simulator: /Users/mrmobinansari/Desktop/Projects/CSE-316/core-c/simulator --producers 2 --consumers 2 --buffer-size 5 --iterations 10 --delay 500
[2026-05-02 01:28:55] INFO: Simulator exited (code=0) after 5048ms, 126 events
[2026-05-02 01:43:33] INFO: WebSocket client connected (total: 4)
[2026-05-02 01:43:33] INFO: WebSocket client connected (total: 5)
[2026-05-02 01:43:33] INFO: WebSocket client disconnected (total: 4)
[2026-05-02 01:43:33] INFO: WebSocket client disconnected (total: 3)
[2026-05-02 01:43:35] INFO: WebSocket client connected (total: 4)
[2026-05-02 01:43:35] INFO: WebSocket client connected (total: 5)
[2026-05-02 01:44:28] INFO: WebSocket client disconnected (total: 4)
[2026-05-02 01:44:28] INFO: WebSocket client connected (total: 5)
[2026-05-02 01:44:28] INFO: WebSocket client connected (total: 6)
[2026-05-02 01:44:28] INFO: WebSocket client disconnected (total: 5)
[2026-05-02 01:44:28] INFO: WebSocket client disconnected (total: 4)
[2026-05-02 01:44:30] INFO: WebSocket client connected (total: 5)
[2026-05-02 01:44:36] INFO: C engine binary is up to date — skipping compilation
[2026-05-02 01:44:36] INFO: Starting simulation: {"producers":2,"consumers":2,"bufferSize":5,"iterations":10,"delay":500} (request took 6ms)
[2026-05-02 01:44:36] INFO: Starting simulator: /Users/mrmobinansari/Desktop/Projects/CSE-316/core-c/simulator --producers 2 --consumers 2 --buffer-size 5 --iterations 10 --delay 500
[2026-05-02 01:44:41] INFO: Simulator exited (code=0) after 5325ms, 126 events
[2026-05-02 01:49:01] INFO: C engine binary is up to date — skipping compilation
[2026-05-02 01:49:01] INFO: Starting simulation: {"producers":2,"consumers":2,"bufferSize":5,"iterations":10,"delay":500} (request took 8ms)
[2026-05-02 01:49:01] INFO: Starting simulator: /Users/mrmobinansari/Desktop/Projects/CSE-316/core-c/simulator --producers 2 --consumers 2 --buffer-size 5 --iterations 10 --delay 500
[2026-05-02 01:49:06] INFO: Simulator exited (code=0) after 5088ms, 126 events
[2026-05-02 01:50:32] INFO: C engine binary is up to date — skipping compilation
[2026-05-02 01:50:32] INFO: Starting simulation: {"producers":2,"consumers":2,"bufferSize":5,"iterations":10,"delay":500} (request took 6ms)
[2026-05-02 01:50:32] INFO: Starting simulator: /Users/mrmobinansari/Desktop/Projects/CSE-316/core-c/simulator --producers 2 --consumers 2 --buffer-size 5 --iterations 10 --delay 500
[2026-05-02 01:50:37] INFO: Simulator exited (code=0) after 5075ms, 126 events
[2026-05-02 01:51:48] INFO: WebSocket client disconnected (total: 4)
[2026-05-02 01:51:48] INFO: WebSocket client disconnected (total: 3)
[2026-05-02 01:51:49] INFO: WebSocket client connected (total: 4)
[2026-05-02 01:51:49] INFO: WebSocket client connected (total: 5)
[2026-05-02 01:51:49] INFO: WebSocket client disconnected (total: 4)
[2026-05-02 01:51:49] INFO: WebSocket client disconnected (total: 3)
[2026-05-02 01:51:51] INFO: WebSocket client connected (total: 4)
[2026-05-02 01:52:00] INFO: C engine binary is up to date — skipping compilation
[2026-05-02 01:52:00] INFO: Starting simulation: {"producers":2,"consumers":2,"bufferSize":5,"iterations":10,"delay":500} (request took 2ms)
[2026-05-02 01:52:00] INFO: Starting simulator: /Users/mrmobinansari/Desktop/Projects/CSE-316/core-c/simulator --producers 2 --consumers 2 --buffer-size 5 --iterations 10 --delay 500
[2026-05-02 01:52:05] INFO: Simulator exited (code=0) after 5384ms, 126 events
[2026-05-02 01:52:39] INFO: C engine binary is up to date — skipping compilation
[2026-05-02 01:52:39] INFO: Starting simulation: {"producers":2,"consumers":2,"bufferSize":5,"iterations":10,"delay":500} (request took 4ms)
[2026-05-02 01:52:39] INFO: Starting simulator: /Users/mrmobinansari/Desktop/Projects/CSE-316/core-c/simulator --producers 2 --consumers 2 --buffer-size 5 --iterations 10 --delay 500
[2026-05-02 01:52:45] INFO: Simulator exited (code=0) after 5095ms, 126 events
[2026-05-02 01:53:30] INFO: C engine binary is up to date — skipping compilation
[2026-05-02 01:53:30] INFO: Starting simulation: {"producers":2,"consumers":2,"bufferSize":5,"iterations":10,"delay":500} (request took 5ms)
[2026-05-02 01:53:30] INFO: Starting simulator: /Users/mrmobinansari/Desktop/Projects/CSE-316/core-c/simulator --producers 2 --consumers 2 --buffer-size 5 --iterations 10 --delay 500
[2026-05-02 01:53:35] INFO: Simulator exited (code=0) after 5093ms, 126 events
[2026-05-02 01:56:51] INFO: WebSocket client disconnected (total: 3)
[2026-05-02 01:56:51] INFO: WebSocket client disconnected (total: 2)
[2026-05-02 01:56:51] INFO: WebSocket client disconnected (total: 1)
[2026-05-02 01:56:52] INFO: WebSocket client connected (total: 2)
[2026-05-02 01:56:52] INFO: WebSocket client connected (total: 3)
[2026-05-02 01:56:52] INFO: WebSocket client connected (total: 4)
[2026-05-02 01:56:52] INFO: WebSocket client connected (total: 5)
[2026-05-02 01:56:52] INFO: WebSocket client disconnected (total: 4)
[2026-05-02 01:56:52] INFO: WebSocket client disconnected (total: 3)
[2026-05-02 01:56:52] INFO: WebSocket client connected (total: 4)
[2026-05-02 01:56:52] INFO: WebSocket client disconnected (total: 3)
[2026-05-02 01:56:52] INFO: WebSocket client connected (total: 4)
[2026-05-02 01:56:52] INFO: WebSocket client disconnected (total: 3)
[2026-05-02 01:56:52] INFO: WebSocket client disconnected (total: 2)
[2026-05-02 01:56:52] INFO: WebSocket client disconnected (total: 1)
[2026-05-02 01:56:54] INFO: WebSocket client connected (total: 2)
[2026-05-02 01:56:54] INFO: WebSocket client connected (total: 3)
[2026-05-02 01:56:54] INFO: WebSocket client connected (total: 4)
[2026-05-02 01:56:54] INFO: WebSocket client connected (total: 5)
[2026-05-02 01:56:54] INFO: WebSocket client connected (total: 6)
[2026-05-02 01:56:54] INFO: WebSocket client connected (total: 7)
[2026-05-02 02:08:00] INFO: WebSocket client disconnected (total: 6)
[2026-05-02 02:08:00] INFO: WebSocket client connected (total: 7)
[2026-05-02 02:08:00] INFO: WebSocket client connected (total: 8)
[2026-05-02 02:08:00] INFO: WebSocket client disconnected (total: 7)
[2026-05-02 02:08:00] INFO: WebSocket client disconnected (total: 6)
[2026-05-02 02:08:02] INFO: WebSocket client connected (total: 7)
[2026-05-02 02:08:06] INFO: C engine binary is up to date — skipping compilation
[2026-05-02 02:08:06] INFO: Starting simulation: {"producers":2,"consumers":2,"bufferSize":5,"iterations":10,"delay":500} (request took 6ms)
[2026-05-02 02:08:06] INFO: Starting simulator: /Users/mrmobinansari/Desktop/Projects/CSE-316/core-c/simulator --producers 2 --consumers 2 --buffer-size 5 --iterations 10 --delay 500
[2026-05-02 02:08:11] INFO: Simulator exited (code=0) after 5065ms, 126 events
[2026-05-02 02:11:00] INFO: WebSocket client connected (total: 8)
[2026-05-02 02:11:00] INFO: WebSocket client disconnected (total: 7)
[2026-05-02 02:11:00] INFO: WebSocket client connected (total: 8)
[2026-05-02 02:11:00] INFO: WebSocket client disconnected (total: 7)
[2026-05-02 02:11:02] INFO: WebSocket client connected (total: 8)
[2026-05-02 02:11:02] INFO: WebSocket client connected (total: 9)
[2026-05-02 02:11:16] INFO: C engine binary is up to date — skipping compilation
[2026-05-02 02:11:16] INFO: Starting simulation: {"producers":2,"consumers":2,"bufferSize":5,"iterations":10,"delay":500} (request took 7ms)
[2026-05-02 02:11:16] INFO: Starting simulator: /Users/mrmobinansari/Desktop/Projects/CSE-316/core-c/simulator --producers 2 --consumers 2 --buffer-size 5 --iterations 10 --delay 500
[2026-05-02 02:11:22] INFO: Simulator exited (code=0) after 5084ms, 126 events
[2026-05-02 02:12:38] INFO: WebSocket client disconnected (total: 8)
[2026-05-02 02:12:39] INFO: WebSocket client connected (total: 9)
[2026-05-02 02:12:39] INFO: WebSocket client connected (total: 10)
[2026-05-02 02:12:39] INFO: WebSocket client disconnected (total: 9)
[2026-05-02 02:12:39] INFO: WebSocket client disconnected (total: 8)
[2026-05-02 02:12:41] INFO: WebSocket client connected (total: 9)
[2026-05-02 02:12:46] INFO: C engine binary is up to date — skipping compilation
[2026-05-02 02:12:46] INFO: Starting simulation: {"producers":2,"consumers":2,"bufferSize":5,"iterations":10,"delay":500} (request took 3ms)
[2026-05-02 02:12:46] INFO: Starting simulator: /Users/mrmobinansari/Desktop/Projects/CSE-316/core-c/simulator --producers 2 --consumers 2 --buffer-size 5 --iterations 10 --delay 500
[2026-05-02 02:12:51] INFO: Simulator exited (code=0) after 5492ms, 126 events
[2026-05-02 02:13:28] INFO: C engine binary is up to date — skipping compilation
[2026-05-02 02:13:28] INFO: Starting simulation: {"producers":2,"consumers":1,"bufferSize":5,"iterations":10,"delay":500} (request took 3ms)
[2026-05-02 02:13:28] INFO: Starting simulator: /Users/mrmobinansari/Desktop/Projects/CSE-316/core-c/simulator --producers 2 --consumers 1 --buffer-size 5 --iterations 10 --delay 500
[2026-05-02 02:14:09] INFO: WebSocket client disconnected (total: 8)
[2026-05-02 02:14:09] INFO: WebSocket client connected (total: 9)
[2026-05-02 02:14:09] INFO: WebSocket client disconnected (total: 8)
[2026-05-02 02:14:09] INFO: WebSocket client connected (total: 9)
[2026-05-02 02:14:09] INFO: WebSocket client disconnected (total: 8)
[2026-05-02 02:14:11] INFO: WebSocket client connected (total: 9)
[2026-05-02 02:16:05] INFO: WebSocket client disconnected (total: 8)
[2026-05-02 02:16:05] INFO: WebSocket client disconnected (total: 7)
[2026-05-02 02:16:05] INFO: WebSocket client connected (total: 8)
[2026-05-02 02:16:05] INFO: WebSocket client connected (total: 9)
[2026-05-02 02:16:05] INFO: WebSocket client disconnected (total: 8)
[2026-05-02 02:16:05] INFO: WebSocket client disconnected (total: 7)
[2026-05-02 02:16:07] INFO: WebSocket client connected (total: 8)
[2026-05-02 02:17:23] INFO: WebSocket client disconnected (total: 7)
[2026-05-02 02:17:24] INFO: WebSocket client connected (total: 8)
[2026-05-02 02:17:24] INFO: WebSocket client disconnected (total: 7)
[2026-05-02 02:17:24] INFO: WebSocket client connected (total: 8)
[2026-05-02 02:17:24] INFO: WebSocket client disconnected (total: 7)
[2026-05-02 02:17:26] INFO: WebSocket client connected (total: 8)
[2026-05-02 02:17:35] INFO: WebSocket client disconnected (total: 7)
[2026-05-02 02:17:35] INFO: WebSocket client connected (total: 8)
[2026-05-02 02:17:35] INFO: WebSocket client connected (total: 9)
[2026-05-02 02:17:35] INFO: WebSocket client disconnected (total: 8)
[2026-05-02 02:17:36] INFO: WebSocket client disconnected (total: 7)
[2026-05-02 02:17:38] INFO: WebSocket client connected (total: 8)
[2026-05-02 02:18:19] INFO: WebSocket client disconnected (total: 7)
[2026-05-02 02:18:19] INFO: WebSocket client connected (total: 8)
[2026-05-02 02:18:19] INFO: WebSocket client connected (total: 9)
[2026-05-02 02:18:19] INFO: WebSocket client disconnected (total: 8)
[2026-05-02 02:18:19] INFO: WebSocket client disconnected (total: 7)
[2026-05-02 02:18:21] INFO: WebSocket client connected (total: 8)
[2026-05-02 02:19:23] INFO: WebSocket client disconnected (total: 7)
[2026-05-02 02:19:23] INFO: WebSocket client connected (total: 8)
[2026-05-02 02:19:23] INFO: WebSocket client connected (total: 9)
[2026-05-02 02:19:23] INFO: WebSocket client disconnected (total: 8)
[2026-05-02 02:19:23] INFO: WebSocket client disconnected (total: 7)
[2026-05-02 02:19:25] INFO: WebSocket client connected (total: 8)
[2026-05-02 02:22:57] INFO: Received SIGTERM. Shutting down gracefully...
[2026-05-02 02:22:57] INFO: Stopping simulator...
[2026-05-02 02:22:57] INFO: WebSocket client disconnected (total: 7)
[2026-05-02 02:22:57] INFO: WebSocket client disconnected (total: 6)
[2026-05-02 02:22:57] INFO: WebSocket client disconnected (total: 5)
[2026-05-02 02:22:57] INFO: WebSocket client disconnected (total: 4)
[2026-05-02 02:22:57] INFO: WebSocket client disconnected (total: 3)
[2026-05-02 02:22:57] INFO: WebSocket client disconnected (total: 2)
[2026-05-02 02:22:57] INFO: WebSocket client disconnected (total: 1)
[2026-05-02 02:22:57] INFO: Server closed
[2026-05-02 02:22:58] INFO: Backend server running on http://localhost:3001
[2026-05-02 02:22:58] INFO: WebSocket server on ws://localhost:3001
[2026-05-02 02:22:59] INFO: WebSocket client connected (total: 1)
[2026-05-02 02:22:59] INFO: WebSocket client connected (total: 2)
[2026-05-02 02:22:59] INFO: WebSocket client connected (total: 3)
[2026-05-02 02:22:59] INFO: WebSocket client connected (total: 4)
[2026-05-02 02:23:10] INFO: C engine binary is up to date — skipping compilation
[2026-05-02 02:23:10] INFO: Starting simulation: {"producers":2,"consumers":2,"bufferSize":5,"iterations":10,"delay":500} (request took 2ms)
[2026-05-02 02:23:10] INFO: Starting simulator: /Users/mrmobinansari/Desktop/Projects/CSE-316/core-c/simulator --producers 2 --consumers 2 --buffer-size 5 --iterations 10 --delay 500
[2026-05-02 02:23:15] INFO: Simulator exited (code=0) after 5435ms, 126 events
[2026-05-02 02:23:25] INFO: WebSocket client disconnected (total: 3)
[2026-05-02 02:23:25] INFO: WebSocket client connected (total: 4)
[2026-05-02 02:23:25] INFO: WebSocket client disconnected (total: 3)
[2026-05-02 02:23:25] INFO: WebSocket client connected (total: 4)
[2026-05-02 02:23:25] INFO: WebSocket client disconnected (total: 3)
[2026-05-02 02:23:27] INFO: WebSocket client connected (total: 4)
[2026-05-02 02:23:29] INFO: WebSocket client disconnected (total: 3)
[2026-05-02 02:23:57] INFO: C engine binary is up to date — skipping compilation
[2026-05-02 02:23:57] INFO: Starting simulation: {"producers":2,"consumers":2,"bufferSize":5,"iterations":10,"delay":500} (request took 2ms)
[2026-05-02 02:23:57] INFO: Starting simulator: /Users/mrmobinansari/Desktop/Projects/CSE-316/core-c/simulator --producers 2 --consumers 2 --buffer-size 5 --iterations 10 --delay 500
[2026-05-02 02:24:03] INFO: Simulator exited (code=0) after 5132ms, 126 events
[2026-05-02 02:24:58] INFO: C engine binary is up to date — skipping compilation
[2026-05-02 02:24:58] INFO: Starting simulation: {"producers":2,"consumers":2,"bufferSize":5,"iterations":44,"delay":500} (request took 7ms)
[2026-05-02 02:24:58] INFO: Starting simulator: /Users/mrmobinansari/Desktop/Projects/CSE-316/core-c/simulator --producers 2 --consumers 2 --buffer-size 5 --iterations 44 --delay 500
[2026-05-02 02:25:18] INFO: WebSocket client connected (total: 4)
[2026-05-02 02:25:21] INFO: Simulator exited (code=0) after 22854ms, 534 events
[2026-05-02 02:26:58] INFO: WebSocket client disconnected (total: 3)
[2026-05-02 02:26:58] INFO: WebSocket client connected (total: 4)
[2026-05-02 02:26:58] INFO: WebSocket client connected (total: 5)
[2026-05-02 02:26:58] INFO: WebSocket client disconnected (total: 4)
[2026-05-02 02:26:58] INFO: WebSocket client disconnected (total: 3)
[2026-05-02 02:27:00] INFO: WebSocket client connected (total: 4)
[2026-05-02 02:27:02] INFO: C engine binary is up to date — skipping compilation
[2026-05-02 02:27:02] INFO: Starting simulation: {"producers":2,"consumers":2,"bufferSize":5,"iterations":10,"delay":500} (request took 4ms)
[2026-05-02 02:27:02] INFO: Starting simulator: /Users/mrmobinansari/Desktop/Projects/CSE-316/core-c/simulator --producers 2 --consumers 2 --buffer-size 5 --iterations 10 --delay 500
[2026-05-02 02:27:08] INFO: Simulator exited (code=0) after 5340ms, 126 events
[2026-05-02 02:27:15] INFO: C engine binary is up to date — skipping compilation
[2026-05-02 02:27:15] INFO: Starting simulation: {"producers":2,"consumers":2,"bufferSize":5,"iterations":10,"delay":500} (request took 1ms)
[2026-05-02 02:27:15] INFO: Starting simulator: /Users/mrmobinansari/Desktop/Projects/CSE-316/core-c/simulator --producers 2 --consumers 2 --buffer-size 5 --iterations 10 --delay 500
[2026-05-02 02:27:20] INFO: Simulator exited (code=0) after 5115ms, 126 events
[2026-05-02 02:27:23] INFO: C engine binary is up to date — skipping compilation
[2026-05-02 02:27:23] INFO: Starting simulation: {"producers":2,"consumers":2,"bufferSize":5,"iterations":10,"delay":500} (request took 12ms)
[2026-05-02 02:27:23] INFO: Starting simulator: /Users/mrmobinansari/Desktop/Projects/CSE-316/core-c/simulator --producers 2 --consumers 2 --buffer-size 5 --iterations 10 --delay 500
[2026-05-02 02:27:28] INFO: Simulator exited (code=0) after 5242ms, 126 events
[2026-05-02 02:32:23] INFO: WebSocket client disconnected (total: 3)
[2026-05-02 02:33:33] INFO: WebSocket client connected (total: 4)
[2026-05-02 02:33:33] INFO: WebSocket client connected (total: 5)
[2026-05-02 02:33:33] INFO: WebSocket client disconnected (total: 4)
[2026-05-02 02:33:33] INFO: WebSocket client disconnected (total: 3)
[2026-05-02 02:33:35] INFO: WebSocket client connected (total: 4)
[2026-05-02 02:34:30] INFO: WebSocket client disconnected (total: 3)
[2026-05-02 02:34:31] INFO: WebSocket client connected (total: 4)
[2026-05-02 02:34:31] INFO: WebSocket client connected (total: 5)
[2026-05-02 02:34:31] INFO: WebSocket client disconnected (total: 4)
[2026-05-02 02:34:31] INFO: WebSocket client disconnected (total: 3)
[2026-05-02 02:34:33] INFO: WebSocket client connected (total: 4)
[2026-05-02 02:34:33] INFO: WebSocket client connected (total: 5)
[2026-05-02 02:35:28] INFO: WebSocket client disconnected (total: 4)
[2026-05-02 02:35:32] INFO: WebSocket client disconnected (total: 3)
[2026-05-02 02:35:34] INFO: WebSocket client disconnected (total: 2)
[2026-05-02 02:35:41] INFO: WebSocket client connected (total: 3)
[2026-05-02 02:35:41] INFO: WebSocket client connected (total: 4)
[2026-05-02 02:35:41] INFO: WebSocket client disconnected (total: 3)
[2026-05-02 02:35:41] INFO: WebSocket client disconnected (total: 2)
[2026-05-02 02:35:43] INFO: WebSocket client connected (total: 3)
[2026-05-02 02:40:25] INFO: WebSocket client disconnected (total: 2)
[2026-05-02 02:40:30] INFO: WebSocket client disconnected (total: 1)
[2026-05-02 02:40:30] INFO: WebSocket client disconnected (total: 0)
[2026-05-02 12:25:40] INFO: WebSocket client connected (total: 1)
[2026-05-02 12:25:40] INFO: WebSocket client connected (total: 2)
[2026-05-02 12:25:40] INFO: WebSocket client disconnected (total: 1)
[2026-05-02 12:25:40] INFO: WebSocket client disconnected (total: 0)
[2026-05-02 12:25:42] INFO: WebSocket client connected (total: 1)
[2026-05-02 12:25:42] INFO: WebSocket client connected (total: 2)
[2026-05-02 12:26:03] INFO: C engine binary is up to date — skipping compilation
[2026-05-02 12:26:03] INFO: Starting simulation: {"producers":2,"consumers":2,"bufferSize":5,"iterations":10,"delay":500} (request took 2ms)
[2026-05-02 12:26:03] INFO: Starting simulator: /Users/mrmobinansari/Desktop/Projects/CSE-316/core-c/simulator --producers 2 --consumers 2 --buffer-size 5 --iterations 10 --delay 500
[2026-05-02 12:26:08] INFO: Simulator exited (code=0) after 5046ms, 126 events
[2026-05-02 12:28:35] INFO: C engine binary is up to date — skipping compilation
[2026-05-02 12:28:35] INFO: Starting simulation: {"producers":2,"consumers":2,"bufferSize":5,"iterations":10,"delay":500} (request took 2ms)
[2026-05-02 12:28:35] INFO: Starting simulator: /Users/mrmobinansari/Desktop/Projects/CSE-316/core-c/simulator --producers 2 --consumers 2 --buffer-size 5 --iterations 10 --delay 500
[2026-05-02 12:28:40] INFO: Simulator exited (code=0) after 5041ms, 126 events
[2026-05-02 12:28:45] INFO: C engine binary is up to date — skipping compilation
[2026-05-02 12:28:45] INFO: Starting simulation: {"producers":2,"consumers":2,"bufferSize":5,"iterations":10,"delay":500} (request took 1ms)
[2026-05-02 12:28:45] INFO: Starting simulator: /Users/mrmobinansari/Desktop/Projects/CSE-316/core-c/simulator --producers 2 --consumers 2 --buffer-size 5 --iterations 10 --delay 500
[2026-05-02 12:28:50] INFO: Simulator exited (code=0) after 5038ms, 126 events
[2026-05-02 12:40:38] INFO: WebSocket client connected (total: 3)
[2026-05-02 12:40:39] INFO: WebSocket client disconnected (total: 2)
[2026-05-02 12:40:39] INFO: WebSocket client connected (total: 3)
[2026-05-02 12:40:39] INFO: WebSocket client disconnected (total: 2)
[2026-05-02 12:40:40] INFO: WebSocket client connected (total: 3)
[2026-05-02 12:41:43] INFO: C engine binary is up to date — skipping compilation
[2026-05-02 12:41:43] INFO: Starting simulation: {"producers":2,"consumers":2,"bufferSize":5,"iterations":10,"delay":500} (request took 12ms)
[2026-05-02 12:41:43] INFO: Starting simulator: /Users/mrmobinansari/Desktop/Projects/CSE-316/core-c/simulator --producers 2 --consumers 2 --buffer-size 5 --iterations 10 --delay 500
[2026-05-02 12:41:48] INFO: Simulator exited (code=0) after 5051ms, 126 events
[2026-05-02 12:42:43] INFO: WebSocket client connected (total: 4)
[2026-05-02 12:42:43] INFO: WebSocket client disconnected (total: 3)
[2026-05-02 12:42:45] INFO: WebSocket client connected (total: 4)
[2026-05-02 12:44:26] INFO: WebSocket client disconnected (total: 3)
[2026-05-02 12:44:26] INFO: WebSocket client disconnected (total: 2)
[2026-05-02 12:44:27] INFO: WebSocket client disconnected (total: 1)
[2026-05-02 12:44:28] INFO: WebSocket client connected (total: 2)
[2026-05-02 12:44:28] INFO: WebSocket client connected (total: 3)
[2026-05-02 12:44:29] INFO: WebSocket client connected (total: 4)
[2026-05-02 12:45:00] INFO: WebSocket client disconnected (total: 3)
[2026-05-02 12:45:00] INFO: WebSocket client disconnected (total: 2)
[2026-05-02 12:45:00] INFO: WebSocket client disconnected (total: 1)
[2026-05-02 12:45:01] INFO: WebSocket client connected (total: 2)
[2026-05-02 12:45:01] INFO: WebSocket client connected (total: 3)
[2026-05-02 12:45:01] INFO: WebSocket client disconnected (total: 2)
[2026-05-02 12:45:01] INFO: WebSocket client disconnected (total: 1)
[2026-05-02 12:45:01] INFO: WebSocket client connected (total: 2)
[2026-05-02 12:45:01] INFO: WebSocket client disconnected (total: 1)
[2026-05-02 12:45:01] INFO: WebSocket client connected (total: 2)
[2026-05-02 12:45:01] INFO: WebSocket client disconnected (total: 1)
[2026-05-02 12:45:03] INFO: WebSocket client connected (total: 2)
[2026-05-02 12:45:03] INFO: WebSocket client connected (total: 3)
[2026-05-02 12:45:33] INFO: WebSocket client disconnected (total: 2)
[2026-05-02 12:45:33] INFO: WebSocket client connected (total: 3)
[2026-05-02 12:45:33] INFO: WebSocket client connected (total: 4)
[2026-05-02 12:45:34] INFO: WebSocket client disconnected (total: 3)
[2026-05-02 12:45:34] INFO: WebSocket client disconnected (total: 2)
[2026-05-02 12:45:36] INFO: WebSocket client connected (total: 3)
[2026-05-02 12:45:44] INFO: WebSocket client disconnected (total: 2)
[2026-05-02 12:45:44] INFO: WebSocket client connected (total: 3)
[2026-05-02 12:45:45] INFO: WebSocket client disconnected (total: 2)
[2026-05-02 12:45:45] INFO: WebSocket client connected (total: 3)
[2026-05-02 12:45:45] INFO: WebSocket client connected (total: 4)
[2026-05-02 12:45:45] INFO: WebSocket client disconnected (total: 3)
[2026-05-02 12:45:45] INFO: WebSocket client disconnected (total: 2)
[2026-05-02 12:45:47] INFO: WebSocket client connected (total: 3)
[2026-05-02 12:46:26] INFO: C engine binary is up to date — skipping compilation
[2026-05-02 12:46:26] INFO: Starting simulation: {"producers":2,"consumers":2,"bufferSize":5,"iterations":10,"delay":500} (request took 2ms)
[2026-05-02 12:46:26] INFO: Starting simulator: /Users/mrmobinansari/Desktop/Projects/CSE-316/core-c/simulator --producers 2 --consumers 2 --buffer-size 5 --iterations 10 --delay 500
[2026-05-02 12:46:31] INFO: Simulator exited (code=0) after 5145ms, 126 events
[2026-05-02 13:05:51] INFO: WebSocket client disconnected (total: 2)
[2026-05-02 13:05:52] INFO: WebSocket client connected (total: 3)
[2026-05-02 13:05:52] INFO: WebSocket client disconnected (total: 2)
[2026-05-02 13:05:52] INFO: WebSocket client connected (total: 3)
[2026-05-02 13:05:52] INFO: WebSocket client disconnected (total: 2)
[2026-05-02 13:05:54] INFO: WebSocket client connected (total: 3)
[2026-05-02 13:05:54] INFO: WebSocket client connected (total: 4)
[2026-05-02 13:06:35] INFO: C engine binary is up to date — skipping compilation
[2026-05-02 13:06:35] INFO: Starting simulation: {"producers":2,"consumers":2,"bufferSize":5,"iterations":10,"delay":500} (request took 8ms)
[2026-05-02 13:06:35] INFO: Starting simulator: /Users/mrmobinansari/Desktop/Projects/CSE-316/core-c/simulator --producers 2 --consumers 2 --buffer-size 5 --iterations 10 --delay 500
[2026-05-02 13:06:40] INFO: Simulator exited (code=0) after 5301ms, 126 events
[2026-05-02 13:17:50] INFO: WebSocket client disconnected (total: 3)
[2026-05-02 13:17:50] INFO: WebSocket client disconnected (total: 2)
[2026-05-02 13:17:51] INFO: WebSocket client connected (total: 3)
[2026-05-02 13:17:51] INFO: WebSocket client disconnected (total: 2)
[2026-05-02 13:17:51] INFO: WebSocket client connected (total: 3)
[2026-05-02 13:17:51] INFO: WebSocket client disconnected (total: 2)
[2026-05-02 13:17:54] INFO: WebSocket client connected (total: 3)
[2026-05-02 13:17:54] INFO: WebSocket client connected (total: 4)
[2026-05-02 13:17:54] INFO: WebSocket client connected (total: 5)
[2026-05-02 13:17:54] INFO: WebSocket client connected (total: 6)
[2026-05-02 13:23:27] INFO: WebSocket client disconnected (total: 5)
[2026-05-02 13:23:27] INFO: WebSocket client disconnected (total: 4)
[2026-05-02 13:23:27] INFO: WebSocket client disconnected (total: 3)
[2026-05-02 13:23:27] INFO: WebSocket client disconnected (total: 2)
[2026-05-02 13:23:27] INFO: WebSocket client connected (total: 3)
[2026-05-02 13:23:27] INFO: WebSocket client connected (total: 4)
[2026-05-02 13:23:27] INFO: WebSocket client disconnected (total: 3)
[2026-05-02 13:23:27] INFO: WebSocket client connected (total: 4)
[2026-05-02 13:23:27] INFO: WebSocket client disconnected (total: 3)
[2026-05-02 13:23:27] INFO: WebSocket client connected (total: 4)
[2026-05-02 13:23:27] INFO: WebSocket client disconnected (total: 3)
[2026-05-02 13:23:27] INFO: WebSocket client disconnected (total: 2)
[2026-05-02 13:23:30] INFO: WebSocket client connected (total: 3)
[2026-05-02 13:23:30] INFO: WebSocket client connected (total: 4)
[2026-05-02 13:23:30] INFO: WebSocket client connected (total: 5)
[2026-05-02 13:23:30] INFO: WebSocket client connected (total: 6)
